[08:55:46] [Server thread/INFO]: Starting minecraft server version 1.8.8
[08:55:46] [Server thread/INFO]: Loading properties
[08:55:46] [Server thread/INFO]: Default game type: SURVIVAL
[08:55:46] [Server thread/INFO]: This server is running CraftBukkit version git-Spigot-db6de12-18fbb24 (MC: 1.8.8) (Implementing API version 1.8.8-R0.1-SNAPSHOT)
[08:55:46] [Server thread/INFO]: Server Ping Player Sample Count: 12
[08:55:46] [Server thread/INFO]: Using 4 threads for Netty based IO
[08:55:46] [Server thread/INFO]: Debug logging is disabled
[08:55:46] [Server thread/INFO]: Generating keypair
[08:55:47] [Server thread/INFO]: Starting Minecraft server on *:25565
[08:55:47] [Server thread/INFO]: Using epoll channel type
[08:55:47] [Server thread/INFO]: Set PluginClassLoader as parallel capable
[08:55:47] [Server thread/INFO]: [InstaSoup] Loading InstaSoup v3.0.0
[08:55:47] [Server thread/INFO]: [AutoMessage] Loading AutoMessage v1.4
[08:55:47] [Server thread/INFO]: [WorldEdit] Loading WorldEdit v6.1.9;caf0ad9
[08:55:47] [Server thread/INFO]: [InvSee] Loading InvSee v1.0
[08:55:47] [Server thread/INFO]: [FK] Loading FallenKingdom v2.20.4
[08:55:47] [Server thread/INFO]: [WorldGuard] Loading WorldGuard v6.1
[08:55:47] [Server thread/INFO]: [ProtocolLib] Loading ProtocolLib v4.5.0
[08:55:47] [Server thread/INFO]: [BanItem] Loading BanItem v2.4
[08:55:47] [Server thread/INFO]: [WESV] Loading WorldEditSelectionVisualizer v2.0.6
[08:55:47] [Server thread/INFO]: [CommandWhitelist] Loading CommandWhitelist v1.1.0
[08:55:47] [Server thread/INFO]: [ProtocolLib] Enabling ProtocolLib v4.5.0
[08:55:47] [Server thread/INFO]: [ProtocolLib] Started structure compiler thread.
[08:55:47] [Server thread/WARN]: **** SERVER IS RUNNING IN OFFLINE/INSECURE MODE!
[08:55:47] [Server thread/WARN]: The server will make no attempt to authenticate usernames. Beware.
[08:55:47] [Server thread/WARN]: While this makes the game possible to play without internet access, it also opens up the ability for hackers to connect with any username they choose.
[08:55:47] [Server thread/WARN]: To change this, set "online-mode" to "true" in the server.properties file.
[08:55:47] [Server thread/INFO]: **** Beginning UUID conversion, this may take A LONG time ****
[08:55:47] [Server thread/INFO]: Preparing level "FallenKingdoms_VI"
[08:55:48] [Server thread/INFO]: -------- World Settings For [FallenKingdoms_VI] --------
[08:55:48] [Server thread/INFO]: Mob Spawn Range: 4
[08:55:48] [Server thread/INFO]: Anti X-Ray: true
[08:55:48] [Server thread/INFO]: 	Engine Mode: 1
[08:55:48] [Server thread/INFO]: 	Hidden Blocks: [14, 15, 16, 21, 48, 49, 54, 56, 73, 74, 82, 129, 130]
[08:55:48] [Server thread/INFO]: 	Replace Blocks: [1, 5]
[08:55:48] [Server thread/INFO]: Nerfing mobs spawned from spawners: false
[08:55:48] [Server thread/INFO]: Cactus Growth Modifier: 100%
[08:55:48] [Server thread/INFO]: Cane Growth Modifier: 100%
[08:55:48] [Server thread/INFO]: Melon Growth Modifier: 100%
[08:55:48] [Server thread/INFO]: Mushroom Growth Modifier: 100%
[08:55:48] [Server thread/INFO]: Pumpkin Growth Modifier: 100%
[08:55:48] [Server thread/INFO]: Sapling Growth Modifier: 100%
[08:55:48] [Server thread/INFO]: Wheat Growth Modifier: 100%
[08:55:48] [Server thread/INFO]: NetherWart Growth Modifier: 100%
[08:55:48] [Server thread/INFO]: Entity Activation Range: An 32 / Mo 32 / Mi 16
[08:55:48] [Server thread/INFO]: Entity Tracking Range: Pl 48 / An 48 / Mo 48 / Mi 32 / Other 64
[08:55:48] [Server thread/INFO]: Hopper Transfer: 8 Hopper Check: 8 Hopper Amount: 1
[08:55:48] [Server thread/INFO]: Random Lighting Updates: false
[08:55:48] [Server thread/INFO]: Structure Info Saving: true
[08:55:48] [Server thread/INFO]: Sending up to 10 chunks per packet
[08:55:48] [Server thread/INFO]: Max Entity Collisions: 8
[08:55:48] [Server thread/INFO]: Custom Map Seeds:  Village: 10387312 Feature: 14357617
[08:55:48] [Server thread/INFO]: Max TNT Explosions: 100
[08:55:48] [Server thread/INFO]: Tile Max Tick Time: 50ms Entity max Tick Time: 50ms
[08:55:48] [Server thread/INFO]: Chunks to Grow per Tick: 650
[08:55:48] [Server thread/INFO]: Clear tick list: false
[08:55:48] [Server thread/INFO]: Experience Merge Radius: 3.0
[08:55:48] [Server thread/INFO]: Item Despawn Rate: 6000
[08:55:48] [Server thread/INFO]: Item Merge Radius: 2.5
[08:55:48] [Server thread/INFO]: Arrow Despawn Rate: 1200
[08:55:48] [Server thread/INFO]: Allow Zombie Pigmen to spawn from portal blocks: true
[08:55:48] [Server thread/INFO]: View Distance: 8
[08:55:48] [Server thread/INFO]: Zombie Aggressive Towards Villager: true
[08:55:48] [Server thread/INFO]: -------- World Settings For [FallenKingdoms_VI_nether] --------
[08:55:48] [Server thread/INFO]: Mob Spawn Range: 4
[08:55:48] [Server thread/INFO]: Anti X-Ray: true
[08:55:48] [Server thread/INFO]: 	Engine Mode: 1
[08:55:48] [Server thread/INFO]: 	Hidden Blocks: [14, 15, 16, 21, 48, 49, 54, 56, 73, 74, 82, 129, 130]
[08:55:48] [Server thread/INFO]: 	Replace Blocks: [1, 5]
[08:55:48] [Server thread/INFO]: Nerfing mobs spawned from spawners: false
[08:55:48] [Server thread/INFO]: Cactus Growth Modifier: 100%
[08:55:48] [Server thread/INFO]: Cane Growth Modifier: 100%
[08:55:48] [Server thread/INFO]: Melon Growth Modifier: 100%
[08:55:48] [Server thread/INFO]: Mushroom Growth Modifier: 100%
[08:55:48] [Server thread/INFO]: Pumpkin Growth Modifier: 100%
[08:55:48] [Server thread/INFO]: Sapling Growth Modifier: 100%
[08:55:48] [Server thread/INFO]: Wheat Growth Modifier: 100%
[08:55:48] [Server thread/INFO]: NetherWart Growth Modifier: 100%
[08:55:48] [Server thread/INFO]: Entity Activation Range: An 32 / Mo 32 / Mi 16
[08:55:48] [Server thread/INFO]: Entity Tracking Range: Pl 48 / An 48 / Mo 48 / Mi 32 / Other 64
[08:55:48] [Server thread/INFO]: Hopper Transfer: 8 Hopper Check: 8 Hopper Amount: 1
[08:55:48] [Server thread/INFO]: Random Lighting Updates: false
[08:55:48] [Server thread/INFO]: Structure Info Saving: true
[08:55:48] [Server thread/INFO]: Sending up to 10 chunks per packet
[08:55:48] [Server thread/INFO]: Max Entity Collisions: 8
[08:55:48] [Server thread/INFO]: Custom Map Seeds:  Village: 10387312 Feature: 14357617
[08:55:48] [Server thread/INFO]: Max TNT Explosions: 100
[08:55:48] [Server thread/INFO]: Tile Max Tick Time: 50ms Entity max Tick Time: 50ms
[08:55:48] [Server thread/INFO]: Chunks to Grow per Tick: 650
[08:55:48] [Server thread/INFO]: Clear tick list: false
[08:55:48] [Server thread/INFO]: Experience Merge Radius: 3.0
[08:55:48] [Server thread/INFO]: Item Despawn Rate: 6000
[08:55:48] [Server thread/INFO]: Item Merge Radius: 2.5
[08:55:48] [Server thread/INFO]: Arrow Despawn Rate: 1200
[08:55:48] [Server thread/INFO]: Allow Zombie Pigmen to spawn from portal blocks: true
[08:55:48] [Server thread/INFO]: View Distance: 8
[08:55:48] [Server thread/INFO]: Zombie Aggressive Towards Villager: true
[08:55:48] [Server thread/INFO]: -------- World Settings For [FallenKingdoms_VI_the_end] --------
[08:55:48] [Server thread/INFO]: Mob Spawn Range: 4
[08:55:48] [Server thread/INFO]: Anti X-Ray: true
[08:55:48] [Server thread/INFO]: 	Engine Mode: 1
[08:55:48] [Server thread/INFO]: 	Hidden Blocks: [14, 15, 16, 21, 48, 49, 54, 56, 73, 74, 82, 129, 130]
[08:55:48] [Server thread/INFO]: 	Replace Blocks: [1, 5]
[08:55:48] [Server thread/INFO]: Nerfing mobs spawned from spawners: false
[08:55:48] [Server thread/INFO]: Cactus Growth Modifier: 100%
[08:55:48] [Server thread/INFO]: Cane Growth Modifier: 100%
[08:55:48] [Server thread/INFO]: Melon Growth Modifier: 100%
[08:55:48] [Server thread/INFO]: Mushroom Growth Modifier: 100%
[08:55:48] [Server thread/INFO]: Pumpkin Growth Modifier: 100%
[08:55:48] [Server thread/INFO]: Sapling Growth Modifier: 100%
[08:55:48] [Server thread/INFO]: Wheat Growth Modifier: 100%
[08:55:48] [Server thread/INFO]: NetherWart Growth Modifier: 100%
[08:55:48] [Server thread/INFO]: Entity Activation Range: An 32 / Mo 32 / Mi 16
[08:55:48] [Server thread/INFO]: Entity Tracking Range: Pl 48 / An 48 / Mo 48 / Mi 32 / Other 64
[08:55:48] [Server thread/INFO]: Hopper Transfer: 8 Hopper Check: 8 Hopper Amount: 1
[08:55:48] [Server thread/INFO]: Random Lighting Updates: false
[08:55:48] [Server thread/INFO]: Structure Info Saving: true
[08:55:48] [Server thread/INFO]: Sending up to 10 chunks per packet
[08:55:48] [Server thread/INFO]: Max Entity Collisions: 8
[08:55:48] [Server thread/INFO]: Custom Map Seeds:  Village: 10387312 Feature: 14357617
[08:55:48] [Server thread/INFO]: Max TNT Explosions: 100
[08:55:48] [Server thread/INFO]: Tile Max Tick Time: 50ms Entity max Tick Time: 50ms
[08:55:48] [Server thread/INFO]: Chunks to Grow per Tick: 650
[08:55:48] [Server thread/INFO]: Clear tick list: false
[08:55:48] [Server thread/INFO]: Experience Merge Radius: 3.0
[08:55:48] [Server thread/INFO]: Item Despawn Rate: 6000
[08:55:48] [Server thread/INFO]: Item Merge Radius: 2.5
[08:55:48] [Server thread/INFO]: Arrow Despawn Rate: 1200
[08:55:48] [Server thread/INFO]: Allow Zombie Pigmen to spawn from portal blocks: true
[08:55:48] [Server thread/INFO]: View Distance: 8
[08:55:48] [Server thread/INFO]: Zombie Aggressive Towards Villager: true
[08:55:48] [Server thread/INFO]: Preparing start region for level 0 (Seed: 27594263)
[08:55:49] [Server thread/INFO]: Preparing spawn area: 27%
[08:55:50] [Server thread/INFO]: Preparing start region for level 1 (Seed: 27594263)
[08:55:51] [Server thread/INFO]: Preparing spawn area: 52%
[08:55:51] [Server thread/INFO]: Preparing start region for level 2 (Seed: 27594263)
[08:55:51] [Server thread/INFO]: [InstaSoup] Enabling InstaSoup v3.0.0
[08:55:51] [Server thread/INFO]: [InstaSoup] InstaSoup version 3.0.0 is Enabled
[08:55:51] [Server thread/INFO]: [AutoMessage] Enabling AutoMessage v1.4
[08:55:51] [Server thread/INFO]: [WorldEdit] Enabling WorldEdit v6.1.9;caf0ad9
[08:55:52] [Server thread/INFO]: WEPIF: Using the Bukkit Permissions API.
[08:55:52] [Server thread/INFO]: [WorldEdit] Using com.sk89q.worldedit.bukkit.adapter.impl.Spigot_v1_8_R3 as the Bukkit adapter
[08:55:52] [Server thread/INFO]: [InvSee] Enabling InvSee v1.0
[08:55:52] [Server thread/INFO]: [InvSee] The plugin is loading...
[08:55:52] [Server thread/INFO]: [InvSee] Plugin loaded succesfully.
[08:55:52] [Server thread/INFO]: [InvSee] Version: 2.0.1
[08:55:52] [Server thread/INFO]: [InvSee] Developer: DanielDerEchte
[08:55:52] [Server thread/INFO]: [InvSee] Check here for Updates: https://www.spigotmc.org/resources/invsee-plugin-with-config-1-10-1-16-1.74292/history
[08:55:52] [Server thread/INFO]: [InvSee] You can get support here: https://discord.gg/nFpdJ5XWfG
[08:55:52] [Server thread/INFO]: [FK] Enabling FallenKingdom v2.20.4
[08:55:53] [Server thread/INFO]: [WorldGuard] Enabling WorldGuard v6.1
[08:55:53] [Server thread/INFO]: [WorldGuard] (FallenKingdoms_VI) TNT ignition is PERMITTED.
[08:55:53] [Server thread/INFO]: [WorldGuard] (FallenKingdoms_VI) Lighters are PERMITTED.
[08:55:53] [Server thread/INFO]: [WorldGuard] (FallenKingdoms_VI) Lava fire is blocked.
[08:55:53] [Server thread/INFO]: [WorldGuard] (FallenKingdoms_VI) Fire spread is UNRESTRICTED.
[08:55:53] [Server thread/INFO]: [WorldGuard] Loaded configuration for world 'FallenKingdoms_VI'
[08:55:53] [Server thread/INFO]: [WorldGuard] (FallenKingdoms_VI_nether) TNT ignition is PERMITTED.
[08:55:53] [Server thread/INFO]: [WorldGuard] (FallenKingdoms_VI_nether) Lighters are PERMITTED.
[08:55:53] [Server thread/INFO]: [WorldGuard] (FallenKingdoms_VI_nether) Lava fire is blocked.
[08:55:53] [Server thread/INFO]: [WorldGuard] (FallenKingdoms_VI_nether) Fire spread is UNRESTRICTED.
[08:55:53] [Server thread/INFO]: [WorldGuard] Loaded configuration for world 'FallenKingdoms_VI_nether'
[08:55:53] [Server thread/INFO]: [WorldGuard] (FallenKingdoms_VI_the_end) TNT ignition is PERMITTED.
[08:55:53] [Server thread/INFO]: [WorldGuard] (FallenKingdoms_VI_the_end) Lighters are PERMITTED.
[08:55:53] [Server thread/INFO]: [WorldGuard] (FallenKingdoms_VI_the_end) Lava fire is blocked.
[08:55:53] [Server thread/INFO]: [WorldGuard] (FallenKingdoms_VI_the_end) Fire spread is UNRESTRICTED.
[08:55:53] [Server thread/INFO]: [WorldGuard] Loaded configuration for world 'FallenKingdoms_VI_the_end'
[08:55:53] [Server thread/INFO]: [WorldGuard] Loading region data...
[08:55:53] [Server thread/INFO]: [BanItem] Enabling BanItem v2.4
[08:55:53] [Server thread/INFO]: [WESV] Enabling WorldEditSelectionVisualizer v2.0.6
[08:55:53] [Server thread/INFO]: [WESV] Using WorldEdit 6 api
[08:55:53] [Server thread/INFO]: [CommandWhitelist] Enabling CommandWhitelist v1.1.0
[08:55:53] [Server thread/INFO]: Server permissions file permissions.yml is empty, ignoring it
[08:55:53] [Server thread/INFO]: Done (5.887s)! For help, type "help" or "?"
[08:55:53] [Server thread/INFO]: Ajustement de l'heure de la partie en fonction de l'heure du monde.
[08:55:54] [Craft Scheduler Thread - 1/WARN]: [WESV] A new version is available ! Last version is 2.0.7 and you are on 2.0.6
[08:55:54] [Craft Scheduler Thread - 1/WARN]: [WESV] You can download it on: https://www.spigotmc.org/resources/worldeditselectionvisualizer.17311/
[08:55:54] [Server thread/INFO]: >>Activated 2 listener(s).
[08:55:54] [Server thread/INFO]: >>Successfully loaded 2 blacklisted & 0 whitelisted item(s).
[08:55:54] [Craft Scheduler Thread - 0/INFO]: >>A newer version (v3.0.1) is available!
[08:55:55] [Server thread/INFO]: [ProtocolLib] The updater found an update, and has readied it to be loaded the next time the server restarts/reloads.
[08:56:29] [Craft Scheduler Thread - 0/INFO]: [SYSTEM] >> Les Assauts sont actifs jour 7.
[08:56:59] [Craft Scheduler Thread - 0/INFO]: [SYSTEM] >> L'emplacement de la table d'enchantement est X: -35 Y: 96 Z: 46 
[08:57:29] [Craft Scheduler Thread - 0/INFO]: [SYSTEM] >> L'emplacement des coffres a crocheter sont X: -35 Y: 96 Z: 140 
[08:57:59] [Craft Scheduler Thread - 0/INFO]: [SYSTEM] >> Les soupes se mange directement sans delay.
[08:58:29] [Craft Scheduler Thread - 0/INFO]: [SYSTEM] >> Les Assauts sont actifs jour 7.
[08:58:59] [Craft Scheduler Thread - 0/INFO]: [SYSTEM] >> Le PVP est actif jour 4.
[08:59:59] [Craft Scheduler Thread - 0/INFO]: [SYSTEM] >> L'emplacement du portail dans le Nether est X: -10 Y: 32 Z: 3 
[09:00:29] [Craft Scheduler Thread - 0/INFO]: [SYSTEM] >> L'emplacement du portail du Nether est X: -35 Y: 83 Z: 92 
[09:00:59] [Craft Scheduler Thread - 0/INFO]: [SYSTEM] >> Les Assauts sont actifs jour 7.
[09:01:59] [Craft Scheduler Thread - 0/INFO]: [SYSTEM] >> L'emplacement de la table d'enchantement est X: -35 Y: 96 Z: 46 
[09:02:59] [Craft Scheduler Thread - 0/INFO]: [SYSTEM] >> L'emplacement du portail dans le Nether est X: -10 Y: 32 Z: 3 
[09:03:29] [Craft Scheduler Thread - 0/INFO]: [SYSTEM] >> Le PVP est actif jour 4.
[09:04:29] [Craft Scheduler Thread - 0/INFO]: [SYSTEM] >> /fk team chestsRoom show 20 >> La commande permet de visualiser la salle des coffres. 
[09:05:59] [Craft Scheduler Thread - 0/INFO]: [SYSTEM] >> L'emplacement du portail du Nether est X: -35 Y: 83 Z: 92 
[09:06:59] [Craft Scheduler Thread - 0/INFO]: [SYSTEM] >> La La salle des coffres doit être construite au maximum couche 35 à partir de la surface. 
[09:07:29] [Craft Scheduler Thread - 0/INFO]: [SYSTEM] >> L'emplacement des coffres a crocheter sont X: -35 Y: 96 Z: 140 
[09:07:59] [Craft Scheduler Thread - 0/INFO]: [SYSTEM] >> L'emplacement de la table d'enchantement est X: -35 Y: 96 Z: 46 
[09:09:29] [Craft Scheduler Thread - 0/INFO]: [SYSTEM] >> L'emplacement du portail dans le Nether est X: -10 Y: 32 Z: 3 
[09:11:29] [Craft Scheduler Thread - 0/INFO]: [SYSTEM] >> L'emplacement du portail du Nether est X: -35 Y: 83 Z: 92 
[09:11:59] [Craft Scheduler Thread - 0/INFO]: [SYSTEM] >> /fk team chestsRoom show 20 >> La commande permet de visualiser la salle des coffres. 
[09:12:29] [Craft Scheduler Thread - 0/INFO]: [SYSTEM] >> Les Assauts sont actifs jour 7.
[09:13:59] [Craft Scheduler Thread - 0/INFO]: [SYSTEM] >> L'emplacement des coffres a crocheter sont X: -35 Y: 96 Z: 140 
[09:15:29] [Craft Scheduler Thread - 0/INFO]: [SYSTEM] >> L'emplacement du portail dans le Nether est X: -10 Y: 32 Z: 3 
[09:15:59] [Craft Scheduler Thread - 0/INFO]: [SYSTEM] >> Le Nether est ouvert jour 2
[09:16:59] [Craft Scheduler Thread - 0/INFO]: [SYSTEM] >> Les Assauts sont actifs jour 7.
[09:18:59] [Craft Scheduler Thread - 0/INFO]: [SYSTEM] >> Chaque jours dure 20 minutes. 
[09:20:29] [Craft Scheduler Thread - 0/INFO]: [SYSTEM] >> L'emplacement de la table d'enchantement est X: -35 Y: 96 Z: 46 
[09:22:29] [Craft Scheduler Thread - 0/INFO]: [SYSTEM] >> L'emplacement des coffres a crocheter sont X: -35 Y: 96 Z: 140 
[09:23:59] [Craft Scheduler Thread - 0/INFO]: [SYSTEM] >> En cas de tricherie, des sanctions seront mise en place.
[09:25:29] [Craft Scheduler Thread - 0/INFO]: [SYSTEM] >> Le PVP est actif jour 4.
[09:25:59] [Craft Scheduler Thread - 0/INFO]: [SYSTEM] >> L'emplacement du portail du Nether est X: -35 Y: 83 Z: 92 
[09:26:59] [Craft Scheduler Thread - 0/INFO]: [SYSTEM] >> L'emplacement de la table d'enchantement est X: -35 Y: 96 Z: 46 
[09:27:29] [Craft Scheduler Thread - 0/INFO]: [SYSTEM] >> Les Assauts sont actifs jour 7.
[09:29:29] [Craft Scheduler Thread - 0/INFO]: [SYSTEM] >> Capturer la salle des coffres se fait en une minute, avec toute votre team.
[09:29:59] [Craft Scheduler Thread - 0/INFO]: [SYSTEM] >> L'emplacement des coffres a crocheter sont X: -35 Y: 96 Z: 140 
[09:30:29] [Craft Scheduler Thread - 0/INFO]: [SYSTEM] >> L'emplacement du portail dans le Nether est X: -10 Y: 32 Z: 3 
[09:32:29] [Craft Scheduler Thread - 0/INFO]: [SYSTEM] >> Les Assauts sont actifs jour 7.
[09:33:29] [Craft Scheduler Thread - 0/INFO]: [SYSTEM] >> Pour pouvoir assaut des bases ennemies, il faut avoir au minimum une salle des coffres viable ainsi q'un mur de protection de minimum de 3 de hauteur. 
[09:33:59] [Craft Scheduler Thread - 0/INFO]: [SYSTEM] >> Les coffres a crocheter sont ouvrable jour 4. 
[09:35:29] [Craft Scheduler Thread - 0/INFO]: [SYSTEM] >> Le PVP est actif jour 4.
[09:35:59] [Craft Scheduler Thread - 0/INFO]: [SYSTEM] >> Le Nether est ouvert jour 2
[09:37:59] [Craft Scheduler Thread - 0/INFO]: [SYSTEM] >> Capturer la salle des coffres se fait en une minute, avec toute votre team.
[09:39:29] [Craft Scheduler Thread - 0/INFO]: [SYSTEM] >> L'emplacement de la table d'enchantement est X: -35 Y: 96 Z: 46 
[09:40:29] [Craft Scheduler Thread - 0/INFO]: [SYSTEM] >> Les Assauts sont actifs jour 7.
[09:41:59] [Craft Scheduler Thread - 0/INFO]: [SYSTEM] >> /fk team chestsRoom show 20 >> La commande permet de visualiser la salle des coffres. 
[09:42:29] [Craft Scheduler Thread - 0/INFO]: [SYSTEM] >> Le Nether est ouvert jour 2
[09:43:59] [Craft Scheduler Thread - 0/INFO]: [SYSTEM] >> L'emplacement du portail du Nether est X: -35 Y: 83 Z: 92 
[09:44:29] [Craft Scheduler Thread - 0/INFO]: [SYSTEM] >> L'emplacement des coffres a crocheter sont X: -35 Y: 96 Z: 140 
[09:45:59] [Craft Scheduler Thread - 0/INFO]: [SYSTEM] >> Pour pouvoir assaut des bases ennemies, il faut avoir au minimum une salle des coffres viable ainsi q'un mur de protection de minimum de 3 de hauteur. 
[09:46:29] [Craft Scheduler Thread - 0/INFO]: [SYSTEM] >> Les soupes se mange directement sans delay.
[09:47:29] [Craft Scheduler Thread - 0/INFO]: [SYSTEM] >> Les Assauts sont actifs jour 7.
[09:47:59] [Craft Scheduler Thread - 0/INFO]: [SYSTEM] >> Chaque jours dure 20 minutes. 
[09:48:29] [Craft Scheduler Thread - 0/INFO]: [SYSTEM] >> L'emplacement du portail dans le Nether est X: -10 Y: 32 Z: 3 
[09:48:59] [Craft Scheduler Thread - 0/INFO]: [SYSTEM] >> L'emplacement du portail du Nether est X: -35 Y: 83 Z: 92 
[09:49:59] [Craft Scheduler Thread - 0/INFO]: [SYSTEM] >> L'emplacement des coffres a crocheter sont X: -35 Y: 96 Z: 140 
[09:50:29] [Craft Scheduler Thread - 0/INFO]: [SYSTEM] >> Les soupes se mange directement sans delay.
[09:50:59] [Craft Scheduler Thread - 0/INFO]: [SYSTEM] >> Chaque jours dure 20 minutes. 
[09:51:29] [Craft Scheduler Thread - 0/INFO]: [SYSTEM] >> /fk team chestsRoom show 20 >> La commande permet de visualiser la salle des coffres. 
[09:51:59] [Craft Scheduler Thread - 0/INFO]: [SYSTEM] >> L'emplacement des coffres a crocheter sont X: -35 Y: 96 Z: 140 
[09:52:29] [Craft Scheduler Thread - 0/INFO]: [SYSTEM] >> L'emplacement du portail dans le Nether est X: -10 Y: 32 Z: 3 
[09:52:59] [Craft Scheduler Thread - 0/INFO]: [SYSTEM] >> Le PVP est actif jour 4.
[09:53:29] [Craft Scheduler Thread - 0/INFO]: [SYSTEM] >> La La salle des coffres doit être construite au maximum couche 35 à partir de la surface. 
[09:53:59] [Craft Scheduler Thread - 0/INFO]: [SYSTEM] >> Chaque jours dure 20 minutes. 
[09:55:29] [Craft Scheduler Thread - 0/INFO]: [SYSTEM] >> L'emplacement de la table d'enchantement est X: -35 Y: 96 Z: 46 
[09:55:59] [Craft Scheduler Thread - 0/INFO]: [SYSTEM] >> L'emplacement des coffres a crocheter sont X: -35 Y: 96 Z: 140 
[09:56:29] [Craft Scheduler Thread - 0/INFO]: [SYSTEM] >> En cas de tricherie, des sanctions seront mise en place.
[09:57:59] [Craft Scheduler Thread - 0/INFO]: [SYSTEM] >> Les Assauts sont actifs jour 7.
[09:58:29] [Craft Scheduler Thread - 0/INFO]: [SYSTEM] >> /fk team chestsRoom show 20 >> La commande permet de visualiser la salle des coffres. 
[09:58:59] [Craft Scheduler Thread - 0/INFO]: [SYSTEM] >> Le Nether est ouvert jour 2
[09:59:29] [Craft Scheduler Thread - 0/INFO]: [SYSTEM] >> L'emplacement de la table d'enchantement est X: -35 Y: 96 Z: 46 
[10:00:29] [Craft Scheduler Thread - 0/INFO]: [SYSTEM] >> Les soupes se mange directement sans delay.
[10:00:59] [Craft Scheduler Thread - 0/INFO]: [SYSTEM] >> Les Assauts sont actifs jour 7.
[10:01:29] [Craft Scheduler Thread - 0/INFO]: [SYSTEM] >> L'emplacement du portail du Nether est X: -35 Y: 83 Z: 92 
[10:01:59] [Craft Scheduler Thread - 0/INFO]: [SYSTEM] >> Les coffres a crocheter sont ouvrable jour 4. 
[10:02:59] [Craft Scheduler Thread - 0/INFO]: [SYSTEM] >> L'emplacement des coffres a crocheter sont X: -35 Y: 96 Z: 140 
[10:03:59] [Craft Scheduler Thread - 0/INFO]: [SYSTEM] >> Capturer la salle des coffres se fait en une minute, avec toute votre team.
[10:04:59] [Craft Scheduler Thread - 0/INFO]: [SYSTEM] >> Chaque jours dure 20 minutes. 
[10:05:29] [Craft Scheduler Thread - 0/INFO]: [SYSTEM] >> L'emplacement du portail dans le Nether est X: -10 Y: 32 Z: 3 
[10:05:59] [Craft Scheduler Thread - 0/INFO]: [SYSTEM] >> /fk team chestsRoom show 20 >> La commande permet de visualiser la salle des coffres. 
[10:07:59] [Craft Scheduler Thread - 0/INFO]: [SYSTEM] >> L'emplacement des coffres a crocheter sont X: -35 Y: 96 Z: 140 
[10:08:29] [Craft Scheduler Thread - 0/INFO]: [SYSTEM] >> Les Assauts sont actifs jour 7.
[10:10:29] [Craft Scheduler Thread - 0/INFO]: [SYSTEM] >> La La salle des coffres doit être construite au maximum couche 35 à partir de la surface. 
[10:11:59] [Craft Scheduler Thread - 0/INFO]: [SYSTEM] >> Capturer la salle des coffres se fait en une minute, avec toute votre team.
[10:12:29] [Craft Scheduler Thread - 0/INFO]: [SYSTEM] >> L'emplacement des coffres a crocheter sont X: -35 Y: 96 Z: 140 
[10:12:59] [Craft Scheduler Thread - 0/INFO]: [SYSTEM] >> L'emplacement du portail du Nether est X: -35 Y: 83 Z: 92 
[10:13:29] [Craft Scheduler Thread - 0/INFO]: [SYSTEM] >> Les Assauts sont actifs jour 7.
[10:13:59] [Craft Scheduler Thread - 0/INFO]: [SYSTEM] >> Capturer la salle des coffres se fait en une minute, avec toute votre team.
[10:14:29] [Craft Scheduler Thread - 0/INFO]: [SYSTEM] >> L'emplacement du portail dans le Nether est X: -10 Y: 32 Z: 3 
[10:15:29] [Craft Scheduler Thread - 0/INFO]: [SYSTEM] >> L'emplacement de la table d'enchantement est X: -35 Y: 96 Z: 46 
[10:15:59] [Craft Scheduler Thread - 0/INFO]: [SYSTEM] >> L'emplacement du portail du Nether est X: -35 Y: 83 Z: 92 
[10:16:29] [Craft Scheduler Thread - 0/INFO]: [SYSTEM] >> La La salle des coffres doit être construite au maximum couche 35 à partir de la surface. 
[10:17:29] [Craft Scheduler Thread - 0/INFO]: [SYSTEM] >> Capturer la salle des coffres se fait en une minute, avec toute votre team.
[10:18:29] [Craft Scheduler Thread - 0/INFO]: [SYSTEM] >> Pour pouvoir assaut des bases ennemies, il faut avoir au minimum une salle des coffres viable ainsi q'un mur de protection de minimum de 3 de hauteur. 
[10:18:59] [Craft Scheduler Thread - 0/INFO]: [SYSTEM] >> Les Assauts sont actifs jour 7.
[10:19:29] [Craft Scheduler Thread - 0/INFO]: [SYSTEM] >> Chaque jours dure 20 minutes. 
[10:19:59] [Craft Scheduler Thread - 0/INFO]: [SYSTEM] >> L'emplacement de la table d'enchantement est X: -35 Y: 96 Z: 46 
[10:20:29] [Craft Scheduler Thread - 0/INFO]: [SYSTEM] >> /fk team chestsRoom show 20 >> La commande permet de visualiser la salle des coffres. 
[10:20:59] [Craft Scheduler Thread - 0/INFO]: [SYSTEM] >> L'emplacement du portail du Nether est X: -35 Y: 83 Z: 92 
[10:21:29] [Craft Scheduler Thread - 0/INFO]: [SYSTEM] >> Le PVP est actif jour 4.
[10:21:59] [Craft Scheduler Thread - 0/INFO]: [SYSTEM] >> L'emplacement du portail dans le Nether est X: -10 Y: 32 Z: 3 
[10:23:00] [Craft Scheduler Thread - 0/INFO]: [SYSTEM] >> Le Nether est ouvert jour 2
[10:23:30] [Craft Scheduler Thread - 0/INFO]: [SYSTEM] >> L'emplacement du portail du Nether est X: -35 Y: 83 Z: 92 
[10:24:30] [Craft Scheduler Thread - 0/INFO]: [SYSTEM] >> /fk team chestsRoom show 20 >> La commande permet de visualiser la salle des coffres. 
[10:25:30] [Craft Scheduler Thread - 0/INFO]: [SYSTEM] >> L'emplacement de la table d'enchantement est X: -35 Y: 96 Z: 46 
[10:26:00] [Craft Scheduler Thread - 0/INFO]: [SYSTEM] >> Capturer la salle des coffres se fait en une minute, avec toute votre team.
[10:28:00] [Craft Scheduler Thread - 0/INFO]: [SYSTEM] >> L'emplacement du portail du Nether est X: -35 Y: 83 Z: 92 
[10:30:00] [Craft Scheduler Thread - 0/INFO]: [SYSTEM] >> /fk team chestsRoom show 20 >> La commande permet de visualiser la salle des coffres. 
[10:31:30] [Craft Scheduler Thread - 0/INFO]: [SYSTEM] >> L'emplacement de la table d'enchantement est X: -35 Y: 96 Z: 46 
[10:32:30] [Craft Scheduler Thread - 0/INFO]: [SYSTEM] >> Les Assauts sont actifs jour 7.
[10:33:30] [Craft Scheduler Thread - 0/INFO]: [SYSTEM] >> Le PVP est actif jour 4.
[10:34:00] [Craft Scheduler Thread - 0/INFO]: [SYSTEM] >> Pour pouvoir assaut des bases ennemies, il faut avoir au minimum une salle des coffres viable ainsi q'un mur de protection de minimum de 3 de hauteur. 
[10:35:30] [Craft Scheduler Thread - 0/INFO]: [SYSTEM] >> L'emplacement du portail du Nether est X: -35 Y: 83 Z: 92 
[10:36:00] [Craft Scheduler Thread - 0/INFO]: [SYSTEM] >> En cas de tricherie, des sanctions seront mise en place.
[10:36:30] [Craft Scheduler Thread - 0/INFO]: [SYSTEM] >> La La salle des coffres doit être construite au maximum couche 35 à partir de la surface. 
[10:37:30] [Craft Scheduler Thread - 0/INFO]: [SYSTEM] >> Les Assauts sont actifs jour 7.
[10:38:30] [Craft Scheduler Thread - 0/INFO]: [SYSTEM] >> L'emplacement de la table d'enchantement est X: -35 Y: 96 Z: 46 
[10:39:30] [Craft Scheduler Thread - 0/INFO]: [SYSTEM] >> Chaque jours dure 20 minutes. 
[10:40:30] [Craft Scheduler Thread - 0/INFO]: [SYSTEM] >> Le PVP est actif jour 4.
[10:42:00] [Craft Scheduler Thread - 0/INFO]: [SYSTEM] >> Capturer la salle des coffres se fait en une minute, avec toute votre team.
[10:43:30] [Craft Scheduler Thread - 0/INFO]: [SYSTEM] >> L'emplacement des coffres a crocheter sont X: -35 Y: 96 Z: 140 
[10:44:30] [Craft Scheduler Thread - 0/INFO]: [SYSTEM] >> L'emplacement du portail du Nether est X: -35 Y: 83 Z: 92 
[10:45:00] [Craft Scheduler Thread - 0/INFO]: [SYSTEM] >> L'emplacement du portail dans le Nether est X: -10 Y: 32 Z: 3 
[10:46:00] [Craft Scheduler Thread - 0/INFO]: [SYSTEM] >> Les soupes se mange directement sans delay.
[10:46:30] [Craft Scheduler Thread - 0/INFO]: [SYSTEM] >> Les Assauts sont actifs jour 7.
[10:48:00] [Craft Scheduler Thread - 0/INFO]: [SYSTEM] >> Capturer la salle des coffres se fait en une minute, avec toute votre team.
[10:49:00] [Craft Scheduler Thread - 0/INFO]: [SYSTEM] >> Pour pouvoir assaut des bases ennemies, il faut avoir au minimum une salle des coffres viable ainsi q'un mur de protection de minimum de 3 de hauteur. 
[10:49:30] [Craft Scheduler Thread - 0/INFO]: [SYSTEM] >> Chaque jours dure 20 minutes. 
[10:50:00] [Craft Scheduler Thread - 0/INFO]: [SYSTEM] >> Le PVP est actif jour 4.
[10:51:00] [Craft Scheduler Thread - 0/INFO]: [SYSTEM] >> L'emplacement du portail dans le Nether est X: -10 Y: 32 Z: 3 
[10:51:30] [Craft Scheduler Thread - 0/INFO]: [SYSTEM] >> L'emplacement des coffres a crocheter sont X: -35 Y: 96 Z: 140 
[10:53:30] [Craft Scheduler Thread - 0/INFO]: [SYSTEM] >> /fk team chestsRoom show 20 >> La commande permet de visualiser la salle des coffres. 
[10:54:00] [Craft Scheduler Thread - 0/INFO]: [SYSTEM] >> Les Assauts sont actifs jour 7.
[10:54:30] [Craft Scheduler Thread - 0/INFO]: [SYSTEM] >> L'emplacement du portail du Nether est X: -35 Y: 83 Z: 92 
[10:55:30] [Craft Scheduler Thread - 0/INFO]: [SYSTEM] >> L'emplacement du portail dans le Nether est X: -10 Y: 32 Z: 3 
[10:57:00] [Craft Scheduler Thread - 0/INFO]: [SYSTEM] >> Le PVP est actif jour 4.
[10:59:30] [Craft Scheduler Thread - 0/INFO]: [SYSTEM] >> Capturer la salle des coffres se fait en une minute, avec toute votre team.
[11:00:00] [Craft Scheduler Thread - 0/INFO]: [SYSTEM] >> Les Assauts sont actifs jour 7.
[11:01:00] [Craft Scheduler Thread - 0/INFO]: [SYSTEM] >> L'emplacement des coffres a crocheter sont X: -35 Y: 96 Z: 140 
[11:02:00] [Craft Scheduler Thread - 0/INFO]: [SYSTEM] >> Chaque jours dure 20 minutes. 
[11:02:30] [Craft Scheduler Thread - 0/INFO]: [SYSTEM] >> /fk team chestsRoom show 20 >> La commande permet de visualiser la salle des coffres. 
[11:03:00] [Craft Scheduler Thread - 0/INFO]: [SYSTEM] >> Les soupes se mange directement sans delay.
[11:05:30] [Craft Scheduler Thread - 0/INFO]: [SYSTEM] >> L'emplacement de la table d'enchantement est X: -35 Y: 96 Z: 46 
[11:06:00] [Craft Scheduler Thread - 0/INFO]: [SYSTEM] >> Les Assauts sont actifs jour 7.
[11:07:30] [Craft Scheduler Thread - 0/INFO]: [SYSTEM] >> Capturer la salle des coffres se fait en une minute, avec toute votre team.
[11:08:00] [Craft Scheduler Thread - 0/INFO]: [SYSTEM] >> L'emplacement du portail du Nether est X: -35 Y: 83 Z: 92 
[11:08:30] [Craft Scheduler Thread - 0/INFO]: [SYSTEM] >> En cas de tricherie, des sanctions seront mise en place.
[11:09:00] [Craft Scheduler Thread - 0/INFO]: [SYSTEM] >> Les coffres a crocheter sont ouvrable jour 4. 
[11:10:30] [Craft Scheduler Thread - 0/INFO]: [SYSTEM] >> Chaque jours dure 20 minutes. 
[11:12:00] [Craft Scheduler Thread - 0/INFO]: [SYSTEM] >> L'emplacement du portail du Nether est X: -35 Y: 83 Z: 92 
[11:12:30] [Craft Scheduler Thread - 0/INFO]: [SYSTEM] >> Les Assauts sont actifs jour 7.
[11:13:30] [Craft Scheduler Thread - 0/INFO]: [SYSTEM] >> Les soupes se mange directement sans delay.
[11:15:30] [Craft Scheduler Thread - 0/INFO]: [SYSTEM] >> L'emplacement du portail dans le Nether est X: -10 Y: 32 Z: 3 
[11:16:00] [Craft Scheduler Thread - 0/INFO]: [SYSTEM] >> L'emplacement de la table d'enchantement est X: -35 Y: 96 Z: 46 
[11:16:30] [Craft Scheduler Thread - 0/INFO]: [SYSTEM] >> Le PVP est actif jour 4.
[11:17:30] [Craft Scheduler Thread - 0/INFO]: [SYSTEM] >> L'emplacement des coffres a crocheter sont X: -35 Y: 96 Z: 140 
[11:18:00] [Craft Scheduler Thread - 0/INFO]: [SYSTEM] >> En cas de tricherie, des sanctions seront mise en place.
[11:18:30] [Craft Scheduler Thread - 0/INFO]: [SYSTEM] >> Le Nether est ouvert jour 2
[11:19:00] [Craft Scheduler Thread - 0/INFO]: [SYSTEM] >> L'emplacement de la table d'enchantement est X: -35 Y: 96 Z: 46 
[11:20:00] [Craft Scheduler Thread - 0/INFO]: [SYSTEM] >> Les coffres a crocheter sont ouvrable jour 4. 
[11:21:30] [Craft Scheduler Thread - 0/INFO]: [SYSTEM] >> /fk team chestsRoom show 20 >> La commande permet de visualiser la salle des coffres. 
[11:22:00] [Craft Scheduler Thread - 0/INFO]: [SYSTEM] >> L'emplacement des coffres a crocheter sont X: -35 Y: 96 Z: 140 
[11:23:00] [Craft Scheduler Thread - 0/INFO]: [SYSTEM] >> Capturer la salle des coffres se fait en une minute, avec toute votre team.
[11:23:30] [Craft Scheduler Thread - 0/INFO]: [SYSTEM] >> Le Nether est ouvert jour 2
[11:24:00] [Craft Scheduler Thread - 0/INFO]: [SYSTEM] >> La La salle des coffres doit être construite au maximum couche 35 à partir de la surface. 
[11:26:00] [Craft Scheduler Thread - 0/INFO]: [SYSTEM] >> L'emplacement des coffres a crocheter sont X: -35 Y: 96 Z: 140 
[11:27:00] [Craft Scheduler Thread - 0/INFO]: [SYSTEM] >> Les Assauts sont actifs jour 7.
[11:27:30] [Craft Scheduler Thread - 0/INFO]: [SYSTEM] >> L'emplacement du portail du Nether est X: -35 Y: 83 Z: 92 
[11:28:30] [Craft Scheduler Thread - 0/INFO]: [SYSTEM] >> Chaque jours dure 20 minutes. 
[11:29:00] [Craft Scheduler Thread - 0/INFO]: [SYSTEM] >> /fk team chestsRoom show 20 >> La commande permet de visualiser la salle des coffres. 
[11:29:30] [Craft Scheduler Thread - 0/INFO]: [SYSTEM] >> Les Assauts sont actifs jour 7.
[11:30:30] [Craft Scheduler Thread - 0/INFO]: [SYSTEM] >> En cas de tricherie, des sanctions seront mise en place.
[11:32:00] [Craft Scheduler Thread - 0/INFO]: [SYSTEM] >> Capturer la salle des coffres se fait en une minute, avec toute votre team.
[11:33:00] [Craft Scheduler Thread - 0/INFO]: [SYSTEM] >> /fk team chestsRoom show 20 >> La commande permet de visualiser la salle des coffres. 
[11:34:30] [Craft Scheduler Thread - 0/INFO]: [SYSTEM] >> Le PVP est actif jour 4.
[11:35:30] [Craft Scheduler Thread - 0/INFO]: [SYSTEM] >> En cas de tricherie, des sanctions seront mise en place.
[11:36:00] [Craft Scheduler Thread - 0/INFO]: [SYSTEM] >> Pour pouvoir assaut des bases ennemies, il faut avoir au minimum une salle des coffres viable ainsi q'un mur de protection de minimum de 3 de hauteur. 
[11:37:00] [Craft Scheduler Thread - 0/INFO]: [SYSTEM] >> La La salle des coffres doit être construite au maximum couche 35 à partir de la surface. 
[11:38:00] [Craft Scheduler Thread - 0/INFO]: [SYSTEM] >> L'emplacement des coffres a crocheter sont X: -35 Y: 96 Z: 140 
[11:38:30] [Craft Scheduler Thread - 0/INFO]: [SYSTEM] >> En cas de tricherie, des sanctions seront mise en place.
[11:39:00] [Craft Scheduler Thread - 0/INFO]: [SYSTEM] >> Les coffres a crocheter sont ouvrable jour 4. 
[11:39:30] [Craft Scheduler Thread - 0/INFO]: [SYSTEM] >> L'emplacement du portail du Nether est X: -35 Y: 83 Z: 92 
[11:40:00] [Craft Scheduler Thread - 0/INFO]: [SYSTEM] >> Les soupes se mange directement sans delay.
[11:40:30] [Craft Scheduler Thread - 0/INFO]: [SYSTEM] >> L'emplacement du portail dans le Nether est X: -10 Y: 32 Z: 3 
[11:42:00] [Craft Scheduler Thread - 0/INFO]: [SYSTEM] >> Le PVP est actif jour 4.
[11:42:30] [Craft Scheduler Thread - 0/INFO]: [SYSTEM] >> Les Assauts sont actifs jour 7.
[11:45:00] [Craft Scheduler Thread - 0/INFO]: [SYSTEM] >> /fk team chestsRoom show 20 >> La commande permet de visualiser la salle des coffres. 
[11:47:00] [Craft Scheduler Thread - 0/INFO]: [SYSTEM] >> Le Nether est ouvert jour 2
[11:48:30] [Craft Scheduler Thread - 0/INFO]: [SYSTEM] >> Le PVP est actif jour 4.
[11:50:30] [Craft Scheduler Thread - 0/INFO]: [SYSTEM] >> La La salle des coffres doit être construite au maximum couche 35 à partir de la surface. 
[11:51:00] [Craft Scheduler Thread - 0/INFO]: [SYSTEM] >> L'emplacement de la table d'enchantement est X: -35 Y: 96 Z: 46 
[11:51:30] [Craft Scheduler Thread - 0/INFO]: [SYSTEM] >> Les Assauts sont actifs jour 7.
[11:52:00] [Craft Scheduler Thread - 0/INFO]: [SYSTEM] >> Le PVP est actif jour 4.
[11:53:00] [Craft Scheduler Thread - 0/INFO]: [SYSTEM] >> En cas de tricherie, des sanctions seront mise en place.
[11:54:30] [Craft Scheduler Thread - 0/INFO]: [SYSTEM] >> L'emplacement du portail dans le Nether est X: -10 Y: 32 Z: 3 
[11:55:00] [Craft Scheduler Thread - 0/INFO]: [SYSTEM] >> Les coffres a crocheter sont ouvrable jour 4. 
[11:57:30] [Craft Scheduler Thread - 0/INFO]: [SYSTEM] >> Le PVP est actif jour 4.
[11:58:00] [Craft Scheduler Thread - 0/INFO]: [SYSTEM] >> La La salle des coffres doit être construite au maximum couche 35 à partir de la surface. 
[11:58:30] [Craft Scheduler Thread - 0/INFO]: [SYSTEM] >> Les soupes se mange directement sans delay.
[11:59:00] [Craft Scheduler Thread - 0/INFO]: [SYSTEM] >> /fk team chestsRoom show 20 >> La commande permet de visualiser la salle des coffres. 
[11:59:30] [Craft Scheduler Thread - 0/INFO]: [SYSTEM] >> Les Assauts sont actifs jour 7.
[12:00:00] [Craft Scheduler Thread - 0/INFO]: [SYSTEM] >> Le Nether est ouvert jour 2
[12:00:30] [Craft Scheduler Thread - 0/INFO]: [SYSTEM] >> Chaque jours dure 20 minutes. 
[12:02:00] [Craft Scheduler Thread - 0/INFO]: [SYSTEM] >> L'emplacement du portail dans le Nether est X: -10 Y: 32 Z: 3 
[12:03:30] [Craft Scheduler Thread - 0/INFO]: [SYSTEM] >> L'emplacement des coffres a crocheter sont X: -35 Y: 96 Z: 140 
[12:04:30] [Craft Scheduler Thread - 0/INFO]: [SYSTEM] >> L'emplacement du portail du Nether est X: -35 Y: 83 Z: 92 
[12:05:00] [Craft Scheduler Thread - 0/INFO]: [SYSTEM] >> Les Assauts sont actifs jour 7.
[12:06:00] [Craft Scheduler Thread - 0/INFO]: [SYSTEM] >> Le PVP est actif jour 4.
[12:06:30] [Craft Scheduler Thread - 0/INFO]: [SYSTEM] >> L'emplacement des coffres a crocheter sont X: -35 Y: 96 Z: 140 
[12:07:00] [Craft Scheduler Thread - 0/INFO]: [SYSTEM] >> Le Nether est ouvert jour 2
[12:07:30] [Craft Scheduler Thread - 0/INFO]: [SYSTEM] >> L'emplacement de la table d'enchantement est X: -35 Y: 96 Z: 46 
[12:08:30] [Craft Scheduler Thread - 0/INFO]: [SYSTEM] >> Les soupes se mange directement sans delay.
[12:09:00] [Craft Scheduler Thread - 0/INFO]: [SYSTEM] >> /fk team chestsRoom show 20 >> La commande permet de visualiser la salle des coffres. 
[12:09:30] [Craft Scheduler Thread - 0/INFO]: [SYSTEM] >> Capturer la salle des coffres se fait en une minute, avec toute votre team.
[12:10:00] [Craft Scheduler Thread - 0/INFO]: [SYSTEM] >> L'emplacement du portail du Nether est X: -35 Y: 83 Z: 92 
[12:11:00] [Craft Scheduler Thread - 0/INFO]: [SYSTEM] >> Les Assauts sont actifs jour 7.
[12:12:30] [Craft Scheduler Thread - 0/INFO]: [SYSTEM] >> Les soupes se mange directement sans delay.
[12:13:00] [Craft Scheduler Thread - 0/INFO]: [SYSTEM] >> Capturer la salle des coffres se fait en une minute, avec toute votre team.
[12:14:00] [Craft Scheduler Thread - 0/INFO]: [SYSTEM] >> Le Nether est ouvert jour 2
[12:14:30] [Craft Scheduler Thread - 0/INFO]: [SYSTEM] >> L'emplacement de la table d'enchantement est X: -35 Y: 96 Z: 46 
[12:15:00] [Craft Scheduler Thread - 0/INFO]: [SYSTEM] >> /fk team chestsRoom show 20 >> La commande permet de visualiser la salle des coffres. 
[12:16:00] [Craft Scheduler Thread - 0/INFO]: [SYSTEM] >> Les soupes se mange directement sans delay.
[12:16:30] [Craft Scheduler Thread - 0/INFO]: [SYSTEM] >> Le Nether est ouvert jour 2
[12:18:00] [Craft Scheduler Thread - 0/INFO]: [SYSTEM] >> En cas de tricherie, des sanctions seront mise en place.
[12:18:30] [Craft Scheduler Thread - 0/INFO]: [SYSTEM] >> Pour pouvoir assaut des bases ennemies, il faut avoir au minimum une salle des coffres viable ainsi q'un mur de protection de minimum de 3 de hauteur. 
[12:19:30] [Craft Scheduler Thread - 0/INFO]: [SYSTEM] >> L'emplacement de la table d'enchantement est X: -35 Y: 96 Z: 46 
[12:20:00] [Craft Scheduler Thread - 0/INFO]: [SYSTEM] >> Capturer la salle des coffres se fait en une minute, avec toute votre team.
[12:21:00] [Craft Scheduler Thread - 0/INFO]: [SYSTEM] >> Les Assauts sont actifs jour 7.
[12:22:00] [Craft Scheduler Thread - 0/INFO]: [SYSTEM] >> Le PVP est actif jour 4.
[12:22:30] [Craft Scheduler Thread - 0/INFO]: [SYSTEM] >> Les coffres a crocheter sont ouvrable jour 4. 
[12:23:30] [Craft Scheduler Thread - 0/INFO]: [SYSTEM] >> L'emplacement du portail dans le Nether est X: -10 Y: 32 Z: 3 
[12:24:30] [Craft Scheduler Thread - 0/INFO]: [SYSTEM] >> Le Nether est ouvert jour 2
[12:25:00] [Craft Scheduler Thread - 0/INFO]: [SYSTEM] >> Le PVP est actif jour 4.
[12:25:30] [Craft Scheduler Thread - 0/INFO]: [SYSTEM] >> L'emplacement du portail du Nether est X: -35 Y: 83 Z: 92 
[12:26:30] [Craft Scheduler Thread - 0/INFO]: [SYSTEM] >> Les Assauts sont actifs jour 7.
[12:27:30] [Craft Scheduler Thread - 0/INFO]: [SYSTEM] >> L'emplacement de la table d'enchantement est X: -35 Y: 96 Z: 46 
[12:28:00] [Craft Scheduler Thread - 0/INFO]: [SYSTEM] >> Capturer la salle des coffres se fait en une minute, avec toute votre team.
[12:28:30] [Craft Scheduler Thread - 0/INFO]: [SYSTEM] >> Chaque jours dure 20 minutes. 
[12:29:30] [Craft Scheduler Thread - 0/INFO]: [SYSTEM] >> L'emplacement des coffres a crocheter sont X: -35 Y: 96 Z: 140 
[12:30:00] [Craft Scheduler Thread - 0/INFO]: [SYSTEM] >> Les Assauts sont actifs jour 7.
[12:31:30] [Craft Scheduler Thread - 0/INFO]: [SYSTEM] >> L'emplacement de la table d'enchantement est X: -35 Y: 96 Z: 46 
[12:32:00] [Craft Scheduler Thread - 0/INFO]: [SYSTEM] >> /fk team chestsRoom show 20 >> La commande permet de visualiser la salle des coffres. 
[12:32:30] [Craft Scheduler Thread - 0/INFO]: [SYSTEM] >> Les coffres a crocheter sont ouvrable jour 4. 
[12:33:00] [Craft Scheduler Thread - 0/INFO]: [SYSTEM] >> Le Nether est ouvert jour 2
[12:33:30] [Craft Scheduler Thread - 0/INFO]: [SYSTEM] >> Les soupes se mange directement sans delay.
[12:34:00] [Craft Scheduler Thread - 0/INFO]: [SYSTEM] >> Les Assauts sont actifs jour 7.
[12:36:00] [Craft Scheduler Thread - 0/INFO]: [SYSTEM] >> Chaque jours dure 20 minutes. 
[12:37:30] [Craft Scheduler Thread - 0/INFO]: [SYSTEM] >> L'emplacement de la table d'enchantement est X: -35 Y: 96 Z: 46 
[12:39:00] [Craft Scheduler Thread - 0/INFO]: [SYSTEM] >> L'emplacement du portail dans le Nether est X: -10 Y: 32 Z: 3 
[12:39:30] [Craft Scheduler Thread - 0/INFO]: [SYSTEM] >> Les coffres a crocheter sont ouvrable jour 4. 
[12:40:00] [Craft Scheduler Thread - 0/INFO]: [SYSTEM] >> Pour pouvoir assaut des bases ennemies, il faut avoir au minimum une salle des coffres viable ainsi q'un mur de protection de minimum de 3 de hauteur. 
[12:41:00] [Craft Scheduler Thread - 0/INFO]: [SYSTEM] >> Le Nether est ouvert jour 2
[12:41:30] [Craft Scheduler Thread - 0/INFO]: [SYSTEM] >> Les Assauts sont actifs jour 7.
[12:42:00] [Craft Scheduler Thread - 0/INFO]: [SYSTEM] >> Les coffres a crocheter sont ouvrable jour 4. 
[12:43:00] [Craft Scheduler Thread - 0/INFO]: [SYSTEM] >> La La salle des coffres doit être construite au maximum couche 35 à partir de la surface. 
[12:44:30] [Craft Scheduler Thread - 0/INFO]: [SYSTEM] >> /fk team chestsRoom show 20 >> La commande permet de visualiser la salle des coffres. 
[12:46:01] [Craft Scheduler Thread - 0/INFO]: [SYSTEM] >> L'emplacement du portail dans le Nether est X: -10 Y: 32 Z: 3 
[12:46:31] [Craft Scheduler Thread - 0/INFO]: [SYSTEM] >> Chaque jours dure 20 minutes. 
[12:47:31] [Craft Scheduler Thread - 0/INFO]: [SYSTEM] >> L'emplacement du portail du Nether est X: -35 Y: 83 Z: 92 
[12:49:31] [Craft Scheduler Thread - 0/INFO]: [SYSTEM] >> La La salle des coffres doit être construite au maximum couche 35 à partir de la surface. 
[12:50:01] [Craft Scheduler Thread - 0/INFO]: [SYSTEM] >> Les Assauts sont actifs jour 7.
[12:50:31] [Craft Scheduler Thread - 0/INFO]: [SYSTEM] >> Pour pouvoir assaut des bases ennemies, il faut avoir au minimum une salle des coffres viable ainsi q'un mur de protection de minimum de 3 de hauteur. 
[12:52:01] [Craft Scheduler Thread - 0/INFO]: [SYSTEM] >> L'emplacement des coffres a crocheter sont X: -35 Y: 96 Z: 140 
[12:53:31] [Craft Scheduler Thread - 0/INFO]: [SYSTEM] >> Les coffres a crocheter sont ouvrable jour 4. 
[12:55:01] [Craft Scheduler Thread - 0/INFO]: [SYSTEM] >> Les Assauts sont actifs jour 7.
[12:55:31] [Craft Scheduler Thread - 0/INFO]: [SYSTEM] >> Chaque jours dure 20 minutes. 
[12:56:01] [Craft Scheduler Thread - 0/INFO]: [SYSTEM] >> L'emplacement du portail du Nether est X: -35 Y: 83 Z: 92 
[12:56:31] [Craft Scheduler Thread - 0/INFO]: [SYSTEM] >> Capturer la salle des coffres se fait en une minute, avec toute votre team.
[12:57:31] [Craft Scheduler Thread - 0/INFO]: [SYSTEM] >> Le PVP est actif jour 4.
[12:58:01] [Craft Scheduler Thread - 0/INFO]: [SYSTEM] >> Les soupes se mange directement sans delay.
[12:59:01] [Craft Scheduler Thread - 0/INFO]: [SYSTEM] >> Pour pouvoir assaut des bases ennemies, il faut avoir au minimum une salle des coffres viable ainsi q'un mur de protection de minimum de 3 de hauteur. 
[12:59:31] [Craft Scheduler Thread - 0/INFO]: [SYSTEM] >> Les Assauts sont actifs jour 7.
[13:01:31] [Craft Scheduler Thread - 0/INFO]: [SYSTEM] >> En cas de tricherie, des sanctions seront mise en place.
[13:02:01] [Craft Scheduler Thread - 0/INFO]: [SYSTEM] >> L'emplacement de la table d'enchantement est X: -35 Y: 96 Z: 46 
[13:02:31] [Craft Scheduler Thread - 0/INFO]: [SYSTEM] >> Chaque jours dure 20 minutes. 
[13:03:31] [Craft Scheduler Thread - 0/INFO]: [SYSTEM] >> Le Nether est ouvert jour 2
[13:04:31] [Craft Scheduler Thread - 0/INFO]: [SYSTEM] >> Les coffres a crocheter sont ouvrable jour 4. 
[13:06:01] [Craft Scheduler Thread - 0/INFO]: [SYSTEM] >> L'emplacement du portail dans le Nether est X: -10 Y: 32 Z: 3 
[13:06:31] [Craft Scheduler Thread - 0/INFO]: [SYSTEM] >> En cas de tricherie, des sanctions seront mise en place.
[13:07:01] [Craft Scheduler Thread - 0/INFO]: [SYSTEM] >> La La salle des coffres doit être construite au maximum couche 35 à partir de la surface. 
[13:07:31] [Craft Scheduler Thread - 0/INFO]: [SYSTEM] >> Le Nether est ouvert jour 2
[13:08:31] [Craft Scheduler Thread - 0/INFO]: [SYSTEM] >> Les Assauts sont actifs jour 7.
[13:09:31] [Craft Scheduler Thread - 0/INFO]: [SYSTEM] >> Les coffres a crocheter sont ouvrable jour 4. 
[13:10:01] [Craft Scheduler Thread - 0/INFO]: [SYSTEM] >> L'emplacement du portail du Nether est X: -35 Y: 83 Z: 92 
[13:12:01] [Craft Scheduler Thread - 0/INFO]: [SYSTEM] >> En cas de tricherie, des sanctions seront mise en place.
[13:12:31] [Craft Scheduler Thread - 0/INFO]: [SYSTEM] >> L'emplacement du portail dans le Nether est X: -10 Y: 32 Z: 3 
[13:13:31] [Craft Scheduler Thread - 0/INFO]: [SYSTEM] >> Les soupes se mange directement sans delay.
[13:14:01] [Craft Scheduler Thread - 0/INFO]: [SYSTEM] >> L'emplacement du portail du Nether est X: -35 Y: 83 Z: 92 
[13:15:31] [Craft Scheduler Thread - 0/INFO]: [SYSTEM] >> Les Assauts sont actifs jour 7.
[13:16:01] [Craft Scheduler Thread - 0/INFO]: [SYSTEM] >> La La salle des coffres doit être construite au maximum couche 35 à partir de la surface. 
[13:16:31] [Craft Scheduler Thread - 0/INFO]: [SYSTEM] >> L'emplacement des coffres a crocheter sont X: -35 Y: 96 Z: 140 
[13:18:01] [Craft Scheduler Thread - 0/INFO]: [SYSTEM] >> Le Nether est ouvert jour 2
[13:18:31] [Craft Scheduler Thread - 0/INFO]: [SYSTEM] >> Les soupes se mange directement sans delay.
[13:19:31] [Craft Scheduler Thread - 0/INFO]: [SYSTEM] >> Pour pouvoir assaut des bases ennemies, il faut avoir au minimum une salle des coffres viable ainsi q'un mur de protection de minimum de 3 de hauteur. 
[13:20:01] [Craft Scheduler Thread - 0/INFO]: [SYSTEM] >> Les Assauts sont actifs jour 7.
[13:21:01] [Craft Scheduler Thread - 0/INFO]: [SYSTEM] >> Le Nether est ouvert jour 2
[13:22:01] [Craft Scheduler Thread - 0/INFO]: [SYSTEM] >> L'emplacement du portail dans le Nether est X: -10 Y: 32 Z: 3 
[13:24:01] [Craft Scheduler Thread - 0/INFO]: [SYSTEM] >> Le PVP est actif jour 4.
[13:24:31] [Craft Scheduler Thread - 0/INFO]: [SYSTEM] >> Les Assauts sont actifs jour 7.
[13:25:01] [Craft Scheduler Thread - 0/INFO]: [SYSTEM] >> /fk team chestsRoom show 20 >> La commande permet de visualiser la salle des coffres. 
[13:25:31] [Craft Scheduler Thread - 0/INFO]: [SYSTEM] >> Les coffres a crocheter sont ouvrable jour 4. 
[13:26:31] [Craft Scheduler Thread - 0/INFO]: [SYSTEM] >> L'emplacement des coffres a crocheter sont X: -35 Y: 96 Z: 140 
[13:27:31] [Craft Scheduler Thread - 0/INFO]: [SYSTEM] >> Les soupes se mange directement sans delay.
[13:28:31] [Craft Scheduler Thread - 0/INFO]: [SYSTEM] >> L'emplacement du portail du Nether est X: -35 Y: 83 Z: 92 
[13:29:01] [Craft Scheduler Thread - 0/INFO]: [SYSTEM] >> Les Assauts sont actifs jour 7.
[13:31:01] [Craft Scheduler Thread - 0/INFO]: [SYSTEM] >> Chaque jours dure 20 minutes. 
[13:31:31] [Craft Scheduler Thread - 0/INFO]: [SYSTEM] >> L'emplacement du portail dans le Nether est X: -10 Y: 32 Z: 3 
[13:32:31] [Craft Scheduler Thread - 0/INFO]: [SYSTEM] >> Le Nether est ouvert jour 2
[13:34:01] [Craft Scheduler Thread - 0/INFO]: [SYSTEM] >> L'emplacement du portail du Nether est X: -35 Y: 83 Z: 92 
[13:34:31] [Craft Scheduler Thread - 0/INFO]: [SYSTEM] >> En cas de tricherie, des sanctions seront mise en place.
[13:36:01] [Craft Scheduler Thread - 0/INFO]: [SYSTEM] >> Pour pouvoir assaut des bases ennemies, il faut avoir au minimum une salle des coffres viable ainsi q'un mur de protection de minimum de 3 de hauteur. 
[13:37:01] [Craft Scheduler Thread - 0/INFO]: [SYSTEM] >> L'emplacement des coffres a crocheter sont X: -35 Y: 96 Z: 140 
[13:38:01] [Craft Scheduler Thread - 0/INFO]: [SYSTEM] >> Le PVP est actif jour 4.
[13:38:31] [Craft Scheduler Thread - 0/INFO]: [SYSTEM] >> /fk team chestsRoom show 20 >> La commande permet de visualiser la salle des coffres. 
[13:39:01] [Craft Scheduler Thread - 0/INFO]: [SYSTEM] >> Les Assauts sont actifs jour 7.
[13:41:31] [Craft Scheduler Thread - 0/INFO]: [SYSTEM] >> Chaque jours dure 20 minutes. 
[13:42:31] [Craft Scheduler Thread - 0/INFO]: [SYSTEM] >> L'emplacement du portail dans le Nether est X: -10 Y: 32 Z: 3 
[13:44:31] [Craft Scheduler Thread - 0/INFO]: [SYSTEM] >> L'emplacement de la table d'enchantement est X: -35 Y: 96 Z: 46 
[13:45:31] [Craft Scheduler Thread - 0/INFO]: [SYSTEM] >> Le PVP est actif jour 4.
[13:46:01] [Craft Scheduler Thread - 0/INFO]: [SYSTEM] >> Chaque jours dure 20 minutes. 
[13:46:31] [Craft Scheduler Thread - 0/INFO]: [SYSTEM] >> L'emplacement des coffres a crocheter sont X: -35 Y: 96 Z: 140 
[13:47:31] [Craft Scheduler Thread - 0/INFO]: [SYSTEM] >> Les Assauts sont actifs jour 7.
[13:48:01] [Craft Scheduler Thread - 0/INFO]: [SYSTEM] >> L'emplacement du portail du Nether est X: -35 Y: 83 Z: 92 
[13:49:01] [Craft Scheduler Thread - 0/INFO]: [SYSTEM] >> /fk team chestsRoom show 20 >> La commande permet de visualiser la salle des coffres. 
[13:49:31] [Craft Scheduler Thread - 0/INFO]: [SYSTEM] >> Capturer la salle des coffres se fait en une minute, avec toute votre team.
[13:50:01] [Craft Scheduler Thread - 0/INFO]: [SYSTEM] >> Les Assauts sont actifs jour 7.
[13:51:01] [Craft Scheduler Thread - 0/INFO]: [SYSTEM] >> Chaque jours dure 20 minutes. 
[13:52:31] [Craft Scheduler Thread - 0/INFO]: [SYSTEM] >> Le Nether est ouvert jour 2
[13:53:01] [Craft Scheduler Thread - 0/INFO]: [SYSTEM] >> L'emplacement des coffres a crocheter sont X: -35 Y: 96 Z: 140 
[13:54:01] [Craft Scheduler Thread - 0/INFO]: [SYSTEM] >> Les Assauts sont actifs jour 7.
[13:54:31] [Craft Scheduler Thread - 0/INFO]: [SYSTEM] >> Le PVP est actif jour 4.
[13:56:01] [Craft Scheduler Thread - 0/INFO]: [SYSTEM] >> Le Nether est ouvert jour 2
[13:57:31] [Craft Scheduler Thread - 0/INFO]: [SYSTEM] >> L'emplacement de la table d'enchantement est X: -35 Y: 96 Z: 46 
[13:58:01] [Craft Scheduler Thread - 0/INFO]: [SYSTEM] >> L'emplacement du portail dans le Nether est X: -10 Y: 32 Z: 3 
[13:58:31] [Craft Scheduler Thread - 0/INFO]: [SYSTEM] >> Les coffres a crocheter sont ouvrable jour 4. 
[13:59:01] [Craft Scheduler Thread - 0/INFO]: [SYSTEM] >> Les Assauts sont actifs jour 7.
[13:59:31] [Craft Scheduler Thread - 0/INFO]: [SYSTEM] >> Chaque jours dure 20 minutes. 
[14:00:01] [Craft Scheduler Thread - 0/INFO]: [SYSTEM] >> L'emplacement du portail dans le Nether est X: -10 Y: 32 Z: 3 
[14:00:31] [Craft Scheduler Thread - 0/INFO]: [SYSTEM] >> Le Nether est ouvert jour 2
[14:01:31] [Craft Scheduler Thread - 0/INFO]: [SYSTEM] >> Les Assauts sont actifs jour 7.
[14:03:31] [Craft Scheduler Thread - 0/INFO]: [SYSTEM] >> L'emplacement des coffres a crocheter sont X: -35 Y: 96 Z: 140 
[14:04:01] [Craft Scheduler Thread - 0/INFO]: [SYSTEM] >> Les coffres a crocheter sont ouvrable jour 4. 
[14:04:31] [Craft Scheduler Thread - 0/INFO]: [SYSTEM] >> /fk team chestsRoom show 20 >> La commande permet de visualiser la salle des coffres. 
[14:05:31] [Craft Scheduler Thread - 0/INFO]: [SYSTEM] >> L'emplacement du portail dans le Nether est X: -10 Y: 32 Z: 3 
[14:06:31] [Craft Scheduler Thread - 0/INFO]: [SYSTEM] >> Le PVP est actif jour 4.
[14:07:01] [Craft Scheduler Thread - 0/INFO]: [SYSTEM] >> Les Assauts sont actifs jour 7.
[14:07:31] [Craft Scheduler Thread - 0/INFO]: [SYSTEM] >> Capturer la salle des coffres se fait en une minute, avec toute votre team.
[14:08:01] [Craft Scheduler Thread - 0/INFO]: [SYSTEM] >> L'emplacement du portail dans le Nether est X: -10 Y: 32 Z: 3 
[14:09:01] [Craft Scheduler Thread - 0/INFO]: [SYSTEM] >> Le PVP est actif jour 4.
[14:09:31] [Craft Scheduler Thread - 0/INFO]: [SYSTEM] >> Les soupes se mange directement sans delay.
[14:10:01] [Craft Scheduler Thread - 0/INFO]: [SYSTEM] >> Le Nether est ouvert jour 2
[14:11:01] [Craft Scheduler Thread - 0/INFO]: [SYSTEM] >> En cas de tricherie, des sanctions seront mise en place.
[14:12:01] [Craft Scheduler Thread - 0/INFO]: [SYSTEM] >> L'emplacement de la table d'enchantement est X: -35 Y: 96 Z: 46 
[14:13:01] [Craft Scheduler Thread - 0/INFO]: [SYSTEM] >> L'emplacement du portail du Nether est X: -35 Y: 83 Z: 92 
[14:13:31] [Craft Scheduler Thread - 0/INFO]: [SYSTEM] >> Le PVP est actif jour 4.
[14:15:31] [Craft Scheduler Thread - 0/INFO]: [SYSTEM] >> Chaque jours dure 20 minutes. 
[14:16:01] [Craft Scheduler Thread - 0/INFO]: [SYSTEM] >> Le Nether est ouvert jour 2
[14:17:01] [Craft Scheduler Thread - 0/INFO]: [SYSTEM] >> L'emplacement des coffres a crocheter sont X: -35 Y: 96 Z: 140 
[14:18:01] [Craft Scheduler Thread - 0/INFO]: [SYSTEM] >> L'emplacement du portail du Nether est X: -35 Y: 83 Z: 92 
[14:18:31] [Craft Scheduler Thread - 0/INFO]: [SYSTEM] >> /fk team chestsRoom show 20 >> La commande permet de visualiser la salle des coffres. 
[14:19:01] [Craft Scheduler Thread - 0/INFO]: [SYSTEM] >> Les soupes se mange directement sans delay.
[14:19:31] [Craft Scheduler Thread - 0/INFO]: [SYSTEM] >> La La salle des coffres doit être construite au maximum couche 35 à partir de la surface. 
[14:20:31] [Craft Scheduler Thread - 0/INFO]: [SYSTEM] >> L'emplacement du portail du Nether est X: -35 Y: 83 Z: 92 
[14:22:31] [Craft Scheduler Thread - 0/INFO]: [SYSTEM] >> Le Nether est ouvert jour 2
[14:23:01] [Craft Scheduler Thread - 0/INFO]: [SYSTEM] >> Les Assauts sont actifs jour 7.
[14:23:31] [Craft Scheduler Thread - 0/INFO]: [SYSTEM] >> Le PVP est actif jour 4.
[14:24:31] [Craft Scheduler Thread - 0/INFO]: [SYSTEM] >> L'emplacement de la table d'enchantement est X: -35 Y: 96 Z: 46 
[14:26:31] [Craft Scheduler Thread - 0/INFO]: [SYSTEM] >> Capturer la salle des coffres se fait en une minute, avec toute votre team.
[14:27:01] [Craft Scheduler Thread - 0/INFO]: [SYSTEM] >> Les Assauts sont actifs jour 7.
[14:28:01] [Craft Scheduler Thread - 0/INFO]: [SYSTEM] >> Les soupes se mange directement sans delay.
[14:28:31] [Craft Scheduler Thread - 0/INFO]: [SYSTEM] >> Le PVP est actif jour 4.
[14:29:01] [Craft Scheduler Thread - 0/INFO]: [SYSTEM] >> Pour pouvoir assaut des bases ennemies, il faut avoir au minimum une salle des coffres viable ainsi q'un mur de protection de minimum de 3 de hauteur. 
[14:30:01] [Craft Scheduler Thread - 0/INFO]: [SYSTEM] >> Les coffres a crocheter sont ouvrable jour 4. 
[14:30:31] [Craft Scheduler Thread - 0/INFO]: [SYSTEM] >> Le Nether est ouvert jour 2
[14:32:01] [Craft Scheduler Thread - 0/INFO]: [SYSTEM] >> Les Assauts sont actifs jour 7.
[14:32:31] [Craft Scheduler Thread - 0/INFO]: [SYSTEM] >> Chaque jours dure 20 minutes. 
[14:34:31] [Craft Scheduler Thread - 0/INFO]: [SYSTEM] >> En cas de tricherie, des sanctions seront mise en place.
[14:36:01] [Craft Scheduler Thread - 0/INFO]: [SYSTEM] >> L'emplacement du portail du Nether est X: -35 Y: 83 Z: 92 
[14:36:31] [Craft Scheduler Thread - 0/INFO]: [SYSTEM] >> L'emplacement de la table d'enchantement est X: -35 Y: 96 Z: 46 
[14:37:31] [Craft Scheduler Thread - 0/INFO]: [SYSTEM] >> Les Assauts sont actifs jour 7.
[14:38:01] [Craft Scheduler Thread - 0/INFO]: [SYSTEM] >> /fk team chestsRoom show 20 >> La commande permet de visualiser la salle des coffres. 
[14:38:31] [Craft Scheduler Thread - 0/INFO]: [SYSTEM] >> L'emplacement des coffres a crocheter sont X: -35 Y: 96 Z: 140 
[14:39:31] [Craft Scheduler Thread - 0/INFO]: [SYSTEM] >> La La salle des coffres doit être construite au maximum couche 35 à partir de la surface. 
[14:40:02] [Craft Scheduler Thread - 0/INFO]: [SYSTEM] >> Chaque jours dure 20 minutes. 
[14:40:32] [Craft Scheduler Thread - 0/INFO]: [SYSTEM] >> Les soupes se mange directement sans delay.
[14:41:02] [Craft Scheduler Thread - 0/INFO]: [SYSTEM] >> L'emplacement du portail du Nether est X: -35 Y: 83 Z: 92 
[14:41:32] [Craft Scheduler Thread - 0/INFO]: [SYSTEM] >> /fk team chestsRoom show 20 >> La commande permet de visualiser la salle des coffres. 
[14:42:32] [Craft Scheduler Thread - 0/INFO]: [SYSTEM] >> Les Assauts sont actifs jour 7.
[14:43:32] [Craft Scheduler Thread - 0/INFO]: [SYSTEM] >> Les coffres a crocheter sont ouvrable jour 4. 
[14:44:02] [Craft Scheduler Thread - 0/INFO]: [SYSTEM] >> L'emplacement de la table d'enchantement est X: -35 Y: 96 Z: 46 
[14:44:32] [Craft Scheduler Thread - 0/INFO]: [SYSTEM] >> Le PVP est actif jour 4.
[14:45:32] [Craft Scheduler Thread - 0/INFO]: [SYSTEM] >> L'emplacement du portail dans le Nether est X: -10 Y: 32 Z: 3 
[14:46:02] [Craft Scheduler Thread - 0/INFO]: [SYSTEM] >> Les Assauts sont actifs jour 7.
[14:48:32] [Craft Scheduler Thread - 0/INFO]: [SYSTEM] >> Pour pouvoir assaut des bases ennemies, il faut avoir au minimum une salle des coffres viable ainsi q'un mur de protection de minimum de 3 de hauteur. 
[14:52:02] [Craft Scheduler Thread - 0/INFO]: [SYSTEM] >> Les soupes se mange directement sans delay.
[14:52:32] [Craft Scheduler Thread - 0/INFO]: [SYSTEM] >> L'emplacement du portail du Nether est X: -35 Y: 83 Z: 92 
[14:53:02] [Craft Scheduler Thread - 0/INFO]: [SYSTEM] >> En cas de tricherie, des sanctions seront mise en place.
[14:53:32] [Craft Scheduler Thread - 0/INFO]: [SYSTEM] >> L'emplacement de la table d'enchantement est X: -35 Y: 96 Z: 46 
[14:54:02] [Craft Scheduler Thread - 0/INFO]: [SYSTEM] >> Les Assauts sont actifs jour 7.
[14:54:32] [Craft Scheduler Thread - 0/INFO]: [SYSTEM] >> L'emplacement du portail du Nether est X: -35 Y: 83 Z: 92 
[14:57:02] [Craft Scheduler Thread - 0/INFO]: [SYSTEM] >> Capturer la salle des coffres se fait en une minute, avec toute votre team.
[14:58:02] [Craft Scheduler Thread - 0/INFO]: [SYSTEM] >> Le PVP est actif jour 4.
[14:59:02] [Craft Scheduler Thread - 0/INFO]: [SYSTEM] >> Le Nether est ouvert jour 2
[14:59:32] [Craft Scheduler Thread - 0/INFO]: [SYSTEM] >> L'emplacement du portail du Nether est X: -35 Y: 83 Z: 92 
[15:00:02] [Craft Scheduler Thread - 0/INFO]: [SYSTEM] >> Capturer la salle des coffres se fait en une minute, avec toute votre team.
[15:01:32] [Craft Scheduler Thread - 0/INFO]: [SYSTEM] >> En cas de tricherie, des sanctions seront mise en place.
[15:02:02] [Craft Scheduler Thread - 0/INFO]: [SYSTEM] >> /fk team chestsRoom show 20 >> La commande permet de visualiser la salle des coffres. 
[15:04:02] [Craft Scheduler Thread - 0/INFO]: [SYSTEM] >> Le PVP est actif jour 4.
[15:04:32] [Craft Scheduler Thread - 0/INFO]: [SYSTEM] >> Les Assauts sont actifs jour 7.
[15:06:02] [Craft Scheduler Thread - 0/INFO]: [SYSTEM] >> L'emplacement du portail dans le Nether est X: -10 Y: 32 Z: 3 
[15:06:32] [Craft Scheduler Thread - 0/INFO]: [SYSTEM] >> En cas de tricherie, des sanctions seront mise en place.
[15:07:32] [Craft Scheduler Thread - 0/INFO]: [SYSTEM] >> Pour pouvoir assaut des bases ennemies, il faut avoir au minimum une salle des coffres viable ainsi q'un mur de protection de minimum de 3 de hauteur. 
[15:08:02] [Craft Scheduler Thread - 0/INFO]: [SYSTEM] >> La La salle des coffres doit être construite au maximum couche 35 à partir de la surface. 
[15:08:32] [Craft Scheduler Thread - 0/INFO]: [SYSTEM] >> Le Nether est ouvert jour 2
[15:09:02] [Craft Scheduler Thread - 0/INFO]: [SYSTEM] >> Les Assauts sont actifs jour 7.
[15:11:32] [Craft Scheduler Thread - 0/INFO]: [SYSTEM] >> Pour pouvoir assaut des bases ennemies, il faut avoir au minimum une salle des coffres viable ainsi q'un mur de protection de minimum de 3 de hauteur. 
[15:12:02] [Craft Scheduler Thread - 0/INFO]: [SYSTEM] >> L'emplacement des coffres a crocheter sont X: -35 Y: 96 Z: 140 
[15:12:32] [Craft Scheduler Thread - 0/INFO]: [SYSTEM] >> L'emplacement de la table d'enchantement est X: -35 Y: 96 Z: 46 
[15:13:32] [Craft Scheduler Thread - 0/INFO]: [SYSTEM] >> /fk team chestsRoom show 20 >> La commande permet de visualiser la salle des coffres. 
[15:15:02] [Craft Scheduler Thread - 0/INFO]: [SYSTEM] >> Les coffres a crocheter sont ouvrable jour 4. 
[15:15:32] [Craft Scheduler Thread - 0/INFO]: [SYSTEM] >> Les Assauts sont actifs jour 7.
[15:16:02] [Craft Scheduler Thread - 0/INFO]: [SYSTEM] >> L'emplacement du portail du Nether est X: -35 Y: 83 Z: 92 
[15:16:32] [Craft Scheduler Thread - 0/INFO]: [SYSTEM] >> Le Nether est ouvert jour 2
[15:17:32] [Craft Scheduler Thread - 0/INFO]: [SYSTEM] >> Les soupes se mange directement sans delay.
[15:18:02] [Craft Scheduler Thread - 0/INFO]: [SYSTEM] >> Les Assauts sont actifs jour 7.
[15:18:32] [Craft Scheduler Thread - 0/INFO]: [SYSTEM] >> L'emplacement du portail dans le Nether est X: -10 Y: 32 Z: 3 
[15:20:32] [Craft Scheduler Thread - 0/INFO]: [SYSTEM] >> Le Nether est ouvert jour 2
[15:22:32] [Craft Scheduler Thread - 0/INFO]: [SYSTEM] >> Le PVP est actif jour 4.
[15:23:02] [Craft Scheduler Thread - 0/INFO]: [SYSTEM] >> Les Assauts sont actifs jour 7.
[15:23:32] [Craft Scheduler Thread - 0/INFO]: [SYSTEM] >> Chaque jours dure 20 minutes. 
[15:24:02] [Craft Scheduler Thread - 0/INFO]: [SYSTEM] >> L'emplacement du portail dans le Nether est X: -10 Y: 32 Z: 3 
[15:24:32] [Craft Scheduler Thread - 0/INFO]: [SYSTEM] >> Le PVP est actif jour 4.
[15:25:02] [Craft Scheduler Thread - 0/INFO]: [SYSTEM] >> Les Assauts sont actifs jour 7.
[15:26:02] [Craft Scheduler Thread - 0/INFO]: [SYSTEM] >> /fk team chestsRoom show 20 >> La commande permet de visualiser la salle des coffres. 
[15:27:32] [Craft Scheduler Thread - 0/INFO]: [SYSTEM] >> La La salle des coffres doit être construite au maximum couche 35 à partir de la surface. 
[15:28:02] [Craft Scheduler Thread - 0/INFO]: [SYSTEM] >> En cas de tricherie, des sanctions seront mise en place.
[15:28:32] [Craft Scheduler Thread - 0/INFO]: [SYSTEM] >> L'emplacement des coffres a crocheter sont X: -35 Y: 96 Z: 140 
[15:30:02] [Craft Scheduler Thread - 0/INFO]: [SYSTEM] >> L'emplacement de la table d'enchantement est X: -35 Y: 96 Z: 46 
[15:30:32] [Craft Scheduler Thread - 0/INFO]: [SYSTEM] >> L'emplacement du portail dans le Nether est X: -10 Y: 32 Z: 3 
[15:31:02] [Craft Scheduler Thread - 0/INFO]: [SYSTEM] >> Le Nether est ouvert jour 2
[15:32:02] [Craft Scheduler Thread - 0/INFO]: [SYSTEM] >> L'emplacement des coffres a crocheter sont X: -35 Y: 96 Z: 140 
[15:33:02] [Craft Scheduler Thread - 0/INFO]: [SYSTEM] >> En cas de tricherie, des sanctions seront mise en place.
[15:34:32] [Craft Scheduler Thread - 0/INFO]: [SYSTEM] >> L'emplacement du portail du Nether est X: -35 Y: 83 Z: 92 
[15:35:32] [Craft Scheduler Thread - 0/INFO]: [SYSTEM] >> Le PVP est actif jour 4.
[15:38:02] [Craft Scheduler Thread - 0/INFO]: [SYSTEM] >> Le Nether est ouvert jour 2
[15:38:32] [Craft Scheduler Thread - 0/INFO]: [SYSTEM] >> Les Assauts sont actifs jour 7.
[15:39:02] [Craft Scheduler Thread - 0/INFO]: [SYSTEM] >> Les soupes se mange directement sans delay.
[15:39:32] [Craft Scheduler Thread - 0/INFO]: [SYSTEM] >> L'emplacement de la table d'enchantement est X: -35 Y: 96 Z: 46 
[15:40:32] [Craft Scheduler Thread - 0/INFO]: [SYSTEM] >> L'emplacement du portail du Nether est X: -35 Y: 83 Z: 92 
[15:41:32] [Craft Scheduler Thread - 0/INFO]: [SYSTEM] >> Le Nether est ouvert jour 2
[15:42:02] [Craft Scheduler Thread - 0/INFO]: [SYSTEM] >> Pour pouvoir assaut des bases ennemies, il faut avoir au minimum une salle des coffres viable ainsi q'un mur de protection de minimum de 3 de hauteur. 
[15:44:32] [Craft Scheduler Thread - 0/INFO]: [SYSTEM] >> L'emplacement du portail dans le Nether est X: -10 Y: 32 Z: 3 
[15:45:02] [Craft Scheduler Thread - 0/INFO]: [SYSTEM] >> Les Assauts sont actifs jour 7.
[15:45:32] [Craft Scheduler Thread - 0/INFO]: [SYSTEM] >> Les soupes se mange directement sans delay.
[15:46:32] [Craft Scheduler Thread - 0/INFO]: [SYSTEM] >> L'emplacement des coffres a crocheter sont X: -35 Y: 96 Z: 140 
[15:47:32] [Craft Scheduler Thread - 0/INFO]: [SYSTEM] >> En cas de tricherie, des sanctions seront mise en place.
[15:48:02] [Craft Scheduler Thread - 0/INFO]: [SYSTEM] >> Les Assauts sont actifs jour 7.
[15:49:32] [Craft Scheduler Thread - 0/INFO]: [SYSTEM] >> Les soupes se mange directement sans delay.
[15:50:02] [Craft Scheduler Thread - 0/INFO]: [SYSTEM] >> Le PVP est actif jour 4.
[15:50:32] [Craft Scheduler Thread - 0/INFO]: [SYSTEM] >> Capturer la salle des coffres se fait en une minute, avec toute votre team.
[15:51:02] [Craft Scheduler Thread - 0/INFO]: [SYSTEM] >> Les Assauts sont actifs jour 7.
[15:52:33] [Craft Scheduler Thread - 0/INFO]: [SYSTEM] >> L'emplacement des coffres a crocheter sont X: -35 Y: 96 Z: 140 
[15:53:33] [Craft Scheduler Thread - 0/INFO]: [SYSTEM] >> Les coffres a crocheter sont ouvrable jour 4. 
[15:54:03] [Craft Scheduler Thread - 0/INFO]: [SYSTEM] >> Pour pouvoir assaut des bases ennemies, il faut avoir au minimum une salle des coffres viable ainsi q'un mur de protection de minimum de 3 de hauteur. 
[15:54:33] [Craft Scheduler Thread - 0/INFO]: [SYSTEM] >> /fk team chestsRoom show 20 >> La commande permet de visualiser la salle des coffres. 
[15:55:03] [Craft Scheduler Thread - 0/INFO]: [SYSTEM] >> Le PVP est actif jour 4.
[15:55:33] [Craft Scheduler Thread - 0/INFO]: [SYSTEM] >> Les Assauts sont actifs jour 7.
[15:56:33] [Craft Scheduler Thread - 0/INFO]: [SYSTEM] >> Capturer la salle des coffres se fait en une minute, avec toute votre team.
[15:58:33] [Craft Scheduler Thread - 0/INFO]: [SYSTEM] >> L'emplacement de la table d'enchantement est X: -35 Y: 96 Z: 46 
[15:59:03] [Craft Scheduler Thread - 0/INFO]: [SYSTEM] >> Les coffres a crocheter sont ouvrable jour 4. 
[15:59:33] [Craft Scheduler Thread - 0/INFO]: [SYSTEM] >> L'emplacement des coffres a crocheter sont X: -35 Y: 96 Z: 140 
[16:01:33] [Craft Scheduler Thread - 0/INFO]: [SYSTEM] >> Le Nether est ouvert jour 2
[16:02:03] [Craft Scheduler Thread - 0/INFO]: [SYSTEM] >> Chaque jours dure 20 minutes. 
[16:03:03] [Craft Scheduler Thread - 0/INFO]: [SYSTEM] >> L'emplacement du portail dans le Nether est X: -10 Y: 32 Z: 3 
[16:04:03] [Craft Scheduler Thread - 0/INFO]: [SYSTEM] >> L'emplacement des coffres a crocheter sont X: -35 Y: 96 Z: 140 
[16:04:33] [Craft Scheduler Thread - 0/INFO]: [SYSTEM] >> L'emplacement du portail du Nether est X: -35 Y: 83 Z: 92 
[16:05:33] [Craft Scheduler Thread - 0/INFO]: [SYSTEM] >> /fk team chestsRoom show 20 >> La commande permet de visualiser la salle des coffres. 
[16:06:33] [Craft Scheduler Thread - 0/INFO]: [SYSTEM] >> Les Assauts sont actifs jour 7.
[16:07:33] [Craft Scheduler Thread - 0/INFO]: [SYSTEM] >> En cas de tricherie, des sanctions seront mise en place.
[16:08:03] [Craft Scheduler Thread - 0/INFO]: [SYSTEM] >> L'emplacement de la table d'enchantement est X: -35 Y: 96 Z: 46 
[16:09:33] [Craft Scheduler Thread - 0/INFO]: [SYSTEM] >> Les soupes se mange directement sans delay.
[16:11:03] [Craft Scheduler Thread - 0/INFO]: [SYSTEM] >> Capturer la salle des coffres se fait en une minute, avec toute votre team.
[16:11:33] [Craft Scheduler Thread - 0/INFO]: [SYSTEM] >> L'emplacement du portail du Nether est X: -35 Y: 83 Z: 92 
[16:12:03] [Craft Scheduler Thread - 0/INFO]: [SYSTEM] >> L'emplacement du portail dans le Nether est X: -10 Y: 32 Z: 3 
[16:13:03] [Craft Scheduler Thread - 0/INFO]: [SYSTEM] >> /fk team chestsRoom show 20 >> La commande permet de visualiser la salle des coffres. 
[16:14:33] [Craft Scheduler Thread - 0/INFO]: [SYSTEM] >> Les Assauts sont actifs jour 7.
[16:15:03] [Craft Scheduler Thread - 0/INFO]: [SYSTEM] >> Le PVP est actif jour 4.
[16:16:03] [Craft Scheduler Thread - 0/INFO]: [SYSTEM] >> La La salle des coffres doit être construite au maximum couche 35 à partir de la surface. 
[16:17:33] [Craft Scheduler Thread - 0/INFO]: [SYSTEM] >> Les soupes se mange directement sans delay.
[16:18:03] [Craft Scheduler Thread - 0/INFO]: [SYSTEM] >> Le Nether est ouvert jour 2
[16:18:33] [Craft Scheduler Thread - 0/INFO]: [SYSTEM] >> Les Assauts sont actifs jour 7.
[16:19:03] [Craft Scheduler Thread - 0/INFO]: [SYSTEM] >> Les coffres a crocheter sont ouvrable jour 4. 
[16:19:33] [Craft Scheduler Thread - 0/INFO]: [SYSTEM] >> L'emplacement de la table d'enchantement est X: -35 Y: 96 Z: 46 
[16:20:03] [Craft Scheduler Thread - 0/INFO]: [SYSTEM] >> Le PVP est actif jour 4.
[16:20:33] [Craft Scheduler Thread - 0/INFO]: [SYSTEM] >> En cas de tricherie, des sanctions seront mise en place.
[16:21:03] [Craft Scheduler Thread - 0/INFO]: [SYSTEM] >> Capturer la salle des coffres se fait en une minute, avec toute votre team.
[16:22:33] [Craft Scheduler Thread - 0/INFO]: [SYSTEM] >> L'emplacement du portail du Nether est X: -35 Y: 83 Z: 92 
[16:23:03] [Craft Scheduler Thread - 0/INFO]: [SYSTEM] >> L'emplacement du portail dans le Nether est X: -10 Y: 32 Z: 3 
[16:23:33] [Craft Scheduler Thread - 0/INFO]: [SYSTEM] >> /fk team chestsRoom show 20 >> La commande permet de visualiser la salle des coffres. 
[16:24:03] [Craft Scheduler Thread - 0/INFO]: [SYSTEM] >> Chaque jours dure 20 minutes. 
[16:24:33] [Craft Scheduler Thread - 0/INFO]: [SYSTEM] >> Les Assauts sont actifs jour 7.
[16:25:03] [Craft Scheduler Thread - 0/INFO]: [SYSTEM] >> Le Nether est ouvert jour 2
[16:25:33] [Craft Scheduler Thread - 0/INFO]: [SYSTEM] >> /fk team chestsRoom show 20 >> La commande permet de visualiser la salle des coffres. 
[16:26:03] [Craft Scheduler Thread - 0/INFO]: [SYSTEM] >> Les coffres a crocheter sont ouvrable jour 4. 
[16:27:03] [Craft Scheduler Thread - 0/INFO]: [SYSTEM] >> L'emplacement de la table d'enchantement est X: -35 Y: 96 Z: 46 
[16:27:33] [Craft Scheduler Thread - 0/INFO]: [SYSTEM] >> L'emplacement des coffres a crocheter sont X: -35 Y: 96 Z: 140 
[16:29:03] [Craft Scheduler Thread - 0/INFO]: [SYSTEM] >> L'emplacement du portail dans le Nether est X: -10 Y: 32 Z: 3 
[16:30:33] [Craft Scheduler Thread - 0/INFO]: [SYSTEM] >> Les Assauts sont actifs jour 7.
